TN:
SF:src/api/index.tsx
FN:7,get
FNF:1
FNH:0
FNDA:0,get
DA:1,1
DA:2,1
DA:3,1
DA:4,1
DA:5,1
DA:6,1
DA:7,1
LF:7
LH:7
BRF:0
BRH:0
end_of_record
TN:
SF:src/components/alert-toast/index.tsx
FN:21,get
FN:4,AlertToast
FNF:2
FNH:0
FNDA:0,get
FNDA:0,AlertToast
DA:1,1
DA:2,1
DA:3,1
DA:4,1
DA:5,0
DA:6,0
DA:7,0
DA:8,0
DA:9,0
DA:10,0
DA:11,0
DA:12,0
DA:13,0
DA:14,0
DA:15,0
DA:16,0
DA:17,0
DA:18,0
DA:19,0
DA:20,1
DA:21,1
LF:21
LH:6
BRF:0
BRH:0
end_of_record
TN:
SF:src/components/form/mask-text-field/index.tsx
FN:33,get
FNF:1
FNH:1
FNDA:6,get
DA:1,1
DA:2,1
DA:3,1
DA:4,1
DA:5,1
DA:6,1
DA:7,1
DA:8,1
DA:9,1
DA:10,1
DA:11,1
DA:12,6
DA:13,9
DA:14,9
DA:15,9
DA:16,9
DA:17,9
DA:18,6
DA:19,6
DA:20,6
DA:21,6
DA:22,6
DA:23,6
DA:24,6
DA:25,6
DA:26,6
DA:27,6
DA:28,6
DA:29,6
DA:30,6
DA:31,1
DA:32,1
DA:33,1
LF:33
LH:33
BRDA:33,0,0,6
BRDA:11,1,0,6
BRDA:12,2,0,9
BRF:3
BRH:3
end_of_record
TN:
SF:src/context/toast/index.tsx
FN:24,ToastContextProvider
FN:43,UseToast
FNF:2
FNH:1
FNDA:0,ToastContextProvider
FNDA:6,UseToast
DA:1,1
DA:2,1
DA:3,1
DA:4,1
DA:5,1
DA:6,1
DA:7,1
DA:8,1
DA:9,1
DA:10,1
DA:11,1
DA:12,1
DA:13,1
DA:14,1
DA:15,1
DA:16,1
DA:17,1
DA:18,1
DA:19,1
DA:20,1
DA:21,1
DA:22,1
DA:23,1
DA:24,1
DA:25,0
DA:26,0
DA:27,0
DA:28,0
DA:29,0
DA:30,0
DA:31,0
DA:32,0
DA:33,0
DA:34,0
DA:35,0
DA:36,0
DA:37,0
DA:38,0
DA:39,0
DA:40,0
DA:41,0
DA:42,1
DA:43,1
LF:43
LH:26
BRDA:43,0,0,6
BRF:1
BRH:1
end_of_record
TN:
SF:src/pages/home/index.tsx
FN:112,get
FN:16,Home
FN:26,onSubmit
FNF:3
FNH:2
FNDA:3,get
FNDA:6,Home
FNDA:0,onSubmit
DA:1,1
DA:2,1
DA:3,1
DA:4,1
DA:5,1
DA:6,1
DA:7,1
DA:8,1
DA:9,1
DA:10,1
DA:11,1
DA:12,1
DA:13,1
DA:14,1
DA:15,1
DA:16,1
DA:17,6
DA:18,6
DA:19,6
DA:20,6
DA:21,6
DA:22,6
DA:23,6
DA:24,6
DA:25,6
DA:26,6
DA:27,0
DA:28,0
DA:29,0
DA:30,0
DA:31,0
DA:32,0
DA:33,0
DA:34,0
DA:35,0
DA:36,0
DA:37,6
DA:38,6
DA:39,6
DA:40,6
DA:41,6
DA:42,6
DA:43,3
DA:44,3
DA:45,3
DA:46,3
DA:47,6
DA:48,6
DA:49,6
DA:50,6
DA:51,6
DA:52,6
DA:53,6
DA:54,6
DA:55,6
DA:56,6
DA:57,6
DA:58,6
DA:59,6
DA:60,6
DA:61,6
DA:62,6
DA:63,6
DA:64,6
DA:65,6
DA:66,6
DA:67,6
DA:68,6
DA:69,6
DA:70,6
DA:71,6
DA:72,6
DA:73,6
DA:74,6
DA:75,6
DA:76,6
DA:77,6
DA:78,6
DA:79,6
DA:80,6
DA:81,6
DA:82,6
DA:83,6
DA:84,6
DA:85,6
DA:86,6
DA:87,6
DA:88,6
DA:89,6
DA:90,6
DA:91,6
DA:92,6
DA:93,6
DA:94,6
DA:95,6
DA:96,6
DA:97,6
DA:98,6
DA:99,6
DA:100,6
DA:101,6
DA:102,6
DA:103,6
DA:104,6
DA:105,6
DA:106,6
DA:107,6
DA:108,6
DA:109,6
DA:110,6
DA:111,1
DA:112,1
LF:112
LH:102
BRDA:112,0,0,3
BRDA:16,1,0,6
BRDA:90,2,0,0
BRDA:100,3,0,0
BRDA:40,4,0,6
BRDA:42,5,0,3
BRDA:42,6,0,3
BRDA:42,7,0,3
BRF:8
BRH:6
end_of_record
TN:
SF:src/pages/home/components/cep-data-table.tsx
FN:84,get
FN:25,CepDataTable
FNF:2
FNH:0
FNDA:0,get
FNDA:0,CepDataTable
DA:1,1
DA:2,1
DA:3,1
DA:4,1
DA:5,1
DA:6,1
DA:7,1
DA:8,1
DA:9,1
DA:10,1
DA:11,1
DA:12,1
DA:13,1
DA:14,1
DA:15,1
DA:16,1
DA:17,1
DA:18,1
DA:19,1
DA:20,1
DA:21,1
DA:22,1
DA:23,1
DA:24,1
DA:25,1
DA:26,0
DA:27,0
DA:28,0
DA:29,0
DA:30,0
DA:31,0
DA:32,0
DA:33,0
DA:34,0
DA:35,0
DA:36,0
DA:37,0
DA:38,0
DA:39,0
DA:40,0
DA:41,0
DA:42,0
DA:43,0
DA:44,0
DA:45,0
DA:46,0
DA:47,0
DA:48,0
DA:49,0
DA:50,0
DA:51,0
DA:52,0
DA:53,0
DA:54,0
DA:55,0
DA:56,0
DA:57,0
DA:58,0
DA:59,0
DA:60,0
DA:61,0
DA:62,0
DA:63,0
DA:64,0
DA:65,0
DA:66,0
DA:67,0
DA:68,0
DA:69,0
DA:70,0
DA:71,0
DA:72,0
DA:73,0
DA:74,0
DA:75,0
DA:76,0
DA:77,1
DA:78,1
DA:79,0
DA:80,0
DA:81,0
DA:82,0
DA:83,1
DA:84,1
LF:84
LH:29
BRF:0
BRH:0
end_of_record
TN:
SF:src/pages/home/components/render-card-text.tsx
FN:21,get
FN:8,RenderCardText
FNF:2
FNH:0
FNDA:0,get
FNDA:0,RenderCardText
DA:1,1
DA:2,1
DA:3,1
DA:4,1
DA:5,1
DA:6,1
DA:7,1
DA:8,1
DA:9,0
DA:10,0
DA:11,0
DA:12,0
DA:13,0
DA:14,0
DA:15,0
DA:16,0
DA:17,0
DA:18,0
DA:19,0
DA:20,1
DA:21,1
LF:21
LH:10
BRF:0
BRH:0
end_of_record
TN:
SF:src/utils/formatCep.ts
FN:1,get
FN:1,formatCep
FNF:2
FNH:0
FNDA:0,get
FNDA:0,formatCep
DA:1,1
DA:2,0
DA:3,0
DA:4,0
DA:5,0
DA:6,0
LF:6
LH:1
BRF:0
BRH:0
end_of_record
